Oct 13 2022 11:59:28
{"type":8192,"message":"Return type of Requests_Utility_CaseInsensitiveDictionary::getIterator() should either be compatible with IteratorAggregate::getIterator(): Traversable, or the #[\\ReturnTypeWillChange] attribute should be used to temporarily suppress the notice","file":"\/home\/customer\/www\/alterresources.com\/public_html\/wp-includes\/Requests\/Utility\/CaseInsensitiveDictionary.php","line":91}

Oct 13 2022 11:59:32
{"type":8192,"message":"Creation of dynamic property WP_Block_Type::$skip_inner_blocks is deprecated","file":"\/home\/customer\/www\/alterresources.com\/public_html\/wp-includes\/class-wp-block-type.php","line":391}

Oct 13 2022 11:59:35
{"type":8192,"message":"Creation of dynamic property WP_Block_Type::$skip_inner_blocks is deprecated","file":"\/home\/customer\/www\/alterresources.com\/public_html\/wp-includes\/class-wp-block-type.php","line":391}

Oct 13 2022 11:59:46
{"type":8192,"message":"Creation of dynamic property WP_Block_Type::$skip_inner_blocks is deprecated","file":"\/home\/customer\/www\/alterresources.com\/public_html\/wp-includes\/class-wp-block-type.php","line":391}

Oct 13 2022 11:59:54
{"type":8192,"message":"Creation of dynamic property WP_Block_Type::$skip_inner_blocks is deprecated","file":"\/home\/customer\/www\/alterresources.com\/public_html\/wp-includes\/class-wp-block-type.php","line":391}

Oct 13 2022 11:59:59
{"type":8192,"message":"Creation of dynamic property WP_Block_Type::$skip_inner_blocks is deprecated","file":"\/home\/customer\/www\/alterresources.com\/public_html\/wp-includes\/class-wp-block-type.php","line":391}

Oct 13 2022 12:00:04
{"type":8192,"message":"Creation of dynamic property WP_Block_Type::$skip_inner_blocks is deprecated","file":"\/home\/customer\/www\/alterresources.com\/public_html\/wp-includes\/class-wp-block-type.php","line":391}

Oct 13 2022 12:00:09
{"type":8192,"message":"Creation of dynamic property WP_Block_Type::$skip_inner_blocks is deprecated","file":"\/home\/customer\/www\/alterresources.com\/public_html\/wp-includes\/class-wp-block-type.php","line":391}

Oct 13 2022 12:00:17
{"type":8192,"message":"Creation of dynamic property WP_Block_Type::$skip_inner_blocks is deprecated","file":"\/home\/customer\/www\/alterresources.com\/public_html\/wp-includes\/class-wp-block-type.php","line":391}

Oct 13 2022 12:00:39
{"type":8192,"message":"Creation of dynamic property WP_Block_Type::$skip_inner_blocks is deprecated","file":"\/home\/customer\/www\/alterresources.com\/public_html\/wp-includes\/class-wp-block-type.php","line":391}

Oct 13 2022 12:00:56
{"type":8192,"message":"Creation of dynamic property WP_Block_Type::$skip_inner_blocks is deprecated","file":"\/home\/customer\/www\/alterresources.com\/public_html\/wp-includes\/class-wp-block-type.php","line":391}

Oct 13 2022 12:01:11
{"type":8192,"message":"Creation of dynamic property WP_Block_Type::$skip_inner_blocks is deprecated","file":"\/home\/customer\/www\/alterresources.com\/public_html\/wp-includes\/class-wp-block-type.php","line":391}

Oct 13 2022 12:01:28
{"type":8192,"message":"Creation of dynamic property WP_Block_Type::$skip_inner_blocks is deprecated","file":"\/home\/customer\/www\/alterresources.com\/public_html\/wp-includes\/class-wp-block-type.php","line":391}

Oct 13 2022 12:01:37
{"type":8192,"message":"Creation of dynamic property WP_Block_Type::$skip_inner_blocks is deprecated","file":"\/home\/customer\/www\/alterresources.com\/public_html\/wp-includes\/class-wp-block-type.php","line":391}

Oct 13 2022 12:01:49
{"type":8192,"message":"Creation of dynamic property WP_Block_Type::$skip_inner_blocks is deprecated","file":"\/home\/customer\/www\/alterresources.com\/public_html\/wp-includes\/class-wp-block-type.php","line":391}

Oct 13 2022 12:02:05
{"type":8192,"message":"Creation of dynamic property WP_Block_Type::$skip_inner_blocks is deprecated","file":"\/home\/customer\/www\/alterresources.com\/public_html\/wp-includes\/class-wp-block-type.php","line":391}

Oct 13 2022 12:02:20
{"type":8192,"message":"Creation of dynamic property WP_Block_Type::$skip_inner_blocks is deprecated","file":"\/home\/customer\/www\/alterresources.com\/public_html\/wp-includes\/class-wp-block-type.php","line":391}

Oct 13 2022 12:02:37
{"type":8192,"message":"Creation of dynamic property WP_Block_Type::$skip_inner_blocks is deprecated","file":"\/home\/customer\/www\/alterresources.com\/public_html\/wp-includes\/class-wp-block-type.php","line":391}

Oct 13 2022 12:02:54
{"type":8192,"message":"Creation of dynamic property WP_Block_Type::$skip_inner_blocks is deprecated","file":"\/home\/customer\/www\/alterresources.com\/public_html\/wp-includes\/class-wp-block-type.php","line":391}

Oct 13 2022 12:03:09
{"type":8192,"message":"Creation of dynamic property WP_Block_Type::$skip_inner_blocks is deprecated","file":"\/home\/customer\/www\/alterresources.com\/public_html\/wp-includes\/class-wp-block-type.php","line":391}

Oct 13 2022 12:03:30
{"type":8192,"message":"Creation of dynamic property WP_Block_Type::$skip_inner_blocks is deprecated","file":"\/home\/customer\/www\/alterresources.com\/public_html\/wp-includes\/class-wp-block-type.php","line":391}

Oct 13 2022 12:03:50
{"type":8192,"message":"Creation of dynamic property WP_Block_Type::$skip_inner_blocks is deprecated","file":"\/home\/customer\/www\/alterresources.com\/public_html\/wp-includes\/class-wp-block-type.php","line":391}

Oct 13 2022 12:04:05
{"type":8192,"message":"Creation of dynamic property WP_Block_Type::$skip_inner_blocks is deprecated","file":"\/home\/customer\/www\/alterresources.com\/public_html\/wp-includes\/class-wp-block-type.php","line":391}

Oct 13 2022 12:04:14
{"type":8192,"message":"Creation of dynamic property WP_Block_Type::$skip_inner_blocks is deprecated","file":"\/home\/customer\/www\/alterresources.com\/public_html\/wp-includes\/class-wp-block-type.php","line":391}

Oct 13 2022 12:04:21
{"type":8192,"message":"Creation of dynamic property WP_Block_Type::$skip_inner_blocks is deprecated","file":"\/home\/customer\/www\/alterresources.com\/public_html\/wp-includes\/class-wp-block-type.php","line":391}

Oct 13 2022 12:04:24
{"type":8192,"message":"Creation of dynamic property WP_Block_Type::$skip_inner_blocks is deprecated","file":"\/home\/customer\/www\/alterresources.com\/public_html\/wp-includes\/class-wp-block-type.php","line":391}

Oct 13 2022 12:04:28
{"type":8192,"message":"Creation of dynamic property WP_Block_Type::$skip_inner_blocks is deprecated","file":"\/home\/customer\/www\/alterresources.com\/public_html\/wp-includes\/class-wp-block-type.php","line":391}

Oct 13 2022 12:04:29
{"type":8192,"message":"Creation of dynamic property WP_Block_Type::$skip_inner_blocks is deprecated","file":"\/home\/customer\/www\/alterresources.com\/public_html\/wp-includes\/class-wp-block-type.php","line":391}

Oct 13 2022 12:04:29
{"type":8192,"message":"Creation of dynamic property WP_Block_Type::$skip_inner_blocks is deprecated","file":"\/home\/customer\/www\/alterresources.com\/public_html\/wp-includes\/class-wp-block-type.php","line":391}

Oct 13 2022 12:04:30
{"type":8192,"message":"Creation of dynamic property WP_Block_Type::$skip_inner_blocks is deprecated","file":"\/home\/customer\/www\/alterresources.com\/public_html\/wp-includes\/class-wp-block-type.php","line":391}

Oct 13 2022 12:04:31
{"type":8192,"message":"Creation of dynamic property WP_Block_Type::$skip_inner_blocks is deprecated","file":"\/home\/customer\/www\/alterresources.com\/public_html\/wp-includes\/class-wp-block-type.php","line":391}

Oct 13 2022 12:04:36
{"type":8192,"message":"Creation of dynamic property WP_Block_Type::$skip_inner_blocks is deprecated","file":"\/home\/customer\/www\/alterresources.com\/public_html\/wp-includes\/class-wp-block-type.php","line":391}

Oct 13 2022 12:04:37
{"type":8192,"message":"Creation of dynamic property WP_Block_Type::$skip_inner_blocks is deprecated","file":"\/home\/customer\/www\/alterresources.com\/public_html\/wp-includes\/class-wp-block-type.php","line":391}

Oct 13 2022 12:04:38
{"type":8192,"message":"Creation of dynamic property WP_Block_Type::$skip_inner_blocks is deprecated","file":"\/home\/customer\/www\/alterresources.com\/public_html\/wp-includes\/class-wp-block-type.php","line":391}

Oct 13 2022 12:04:39
{"type":8192,"message":"Creation of dynamic property WP_Block_Type::$skip_inner_blocks is deprecated","file":"\/home\/customer\/www\/alterresources.com\/public_html\/wp-includes\/class-wp-block-type.php","line":391}

Oct 13 2022 12:04:40
{"Number":8192,"Message":"rtrim(): Passing null to parameter #1 ($string) of type string is deprecated","File":"\/home\/customer\/www\/alterresources.com\/public_html\/wp-includes\/formatting.php","Line":2772}

Oct 13 2022 12:04:40
{"Number":8192,"Message":"rtrim(): Passing null to parameter #1 ($string) of type string is deprecated","File":"\/home\/customer\/www\/alterresources.com\/public_html\/wp-includes\/formatting.php","Line":2772}

Oct 13 2022 12:04:40
{"Number":8192,"Message":"rtrim(): Passing null to parameter #1 ($string) of type string is deprecated","File":"\/home\/customer\/www\/alterresources.com\/public_html\/wp-includes\/formatting.php","Line":2772}

Oct 13 2022 12:04:40
{"Number":8192,"Message":"rtrim(): Passing null to parameter #1 ($string) of type string is deprecated","File":"\/home\/customer\/www\/alterresources.com\/public_html\/wp-includes\/formatting.php","Line":2772}

Oct 13 2022 12:04:40
{"Number":8192,"Message":"rtrim(): Passing null to parameter #1 ($string) of type string is deprecated","File":"\/home\/customer\/www\/alterresources.com\/public_html\/wp-includes\/formatting.php","Line":2772}

Oct 13 2022 12:04:40
{"Number":8192,"Message":"rtrim(): Passing null to parameter #1 ($string) of type string is deprecated","File":"\/home\/customer\/www\/alterresources.com\/public_html\/wp-includes\/formatting.php","Line":2772}

Oct 13 2022 12:04:40
{"Number":8192,"Message":"Creation of dynamic property Ai1wm_Database_Mysqli::$old_replace_raw_values is deprecated","File":"\/home\/customer\/www\/alterresources.com\/public_html\/wp-content\/plugins\/All-In-One-WP-Migration-With-Import-master\/lib\/vendor\/servmask\/database\/class-ai1wm-database.php","Line":300}

Oct 13 2022 12:04:40
{"Number":8192,"Message":"Creation of dynamic property Ai1wm_Database_Mysqli::$new_replace_raw_values is deprecated","File":"\/home\/customer\/www\/alterresources.com\/public_html\/wp-content\/plugins\/All-In-One-WP-Migration-With-Import-master\/lib\/vendor\/servmask\/database\/class-ai1wm-database.php","Line":321}

Oct 13 2022 12:04:41
{"type":8192,"message":"Creation of dynamic property WP_Block_Type::$skip_inner_blocks is deprecated","file":"\/home\/customer\/www\/alterresources.com\/public_html\/wp-includes\/class-wp-block-type.php","line":391}

Oct 13 2022 12:04:42
{"type":8192,"message":"Creation of dynamic property WP_Block_Type::$skip_inner_blocks is deprecated","file":"\/home\/customer\/www\/alterresources.com\/public_html\/wp-includes\/class-wp-block-type.php","line":391}

Oct 13 2022 12:04:43
{"type":8192,"message":"Constant FILTER_SANITIZE_STRING is deprecated","file":"\/home\/customer\/www\/alterresources.com\/public_html\/wp-content\/plugins\/wordpress-seo\/src\/integrations\/admin\/helpscout-beacon.php","line":108}

